июл. 15, 2024 10:52:10 PM org.example.BeatLeaderWorker.BeatLeaderWorker main
INFO: BeatLeaderWorker started
июл. 15, 2024 10:52:10 PM org.example.BeatLeaderWorker.BeatLeaderWorker main
INFO: Fetching data from BeatLeader API
июл. 15, 2024 10:56:30 PM org.example.BeatLeaderWorker.BeatLeaderWorker main
INFO: BeatLeaderWorker started
июл. 15, 2024 10:56:30 PM org.example.BeatLeaderWorker.BeatLeaderWorker main
INFO: Fetching data from BeatLeader API
июл. 15, 2024 10:56:45 PM org.example.BeatLeaderWorker.BeatLeaderWorker main
INFO: BeatLeaderWorker started
июл. 15, 2024 10:56:45 PM org.example.BeatLeaderWorker.BeatLeaderWorker main
INFO: Fetching data from BeatLeader API
июл. 15, 2024 11:01:56 PM org.example.BeatLeaderWorker.BeatLeaderWorker main
INFO: BeatLeaderWorker started
июл. 15, 2024 11:01:56 PM org.example.BeatLeaderWorker.BeatLeaderWorker main
INFO: Fetching data from BeatLeader API
июл. 15, 2024 11:02:56 PM org.example.BeatLeaderWorker.BeatLeaderWorker main
INFO: BeatLeaderWorker started
"Fetching data from BeatLeader API
июл. 15, 2024 11:03:08 PM org.example.BeatLeaderWorker.BeatLeaderWorker main
INFO: BeatLeaderWorker started
Fetching data from BeatLeader API
июл. 15, 2024 11:03:24 PM org.example.BeatLeaderWorker.BeatLeaderWorker main
INFO: 
BeatLeaderWorker started
Fetching data from BeatLeader API
июл. 15, 2024 11:03:42 PM org.example.BeatLeaderWorker.BeatLeaderWorker main
INFO: BeatLeaderWorker started
Fetching data from BeatLeader API
июл. 15, 2024 11:08:11 PM org.example.BeatLeaderWorker.BeatLeaderWorker getUserPP
INFO: BeatLeaderWorker started
Fetching data from BeatLeader API
